<?xml version="1.0" encoding="UTF-8"?>
<testsuite name="com.student.newsportalspringboot.controllers.AdminControllerTest" time="0.199" tests="15" errors="0" skipped="0" failures="0">
  <properties>
[...]
</properties>
  <testcase name="TestShowsAdmins" classname="com.student.newsportalspringboot.controllers.AdminControllerTest" time="0.173"/>
  <testcase name="TestEditPost" classname="com.student.newsportalspringboot.controllers.AdminControllerTest" time="0.003"/>
  <testcase name="TestGetAllPost" classname="com.student.newsportalspringboot.controllers.AdminControllerTest" time="0.007"/>
  <testcase name="TestSavePost" classname="com.student.newsportalspringboot.controllers.AdminControllerTest" time="0.003"/>
  <testcase name="TestNewPost" classname="com.student.newsportalspringboot.controllers.AdminControllerTest" time="0.001"/>
  <testcase name="TestDeletePost" classname="com.student.newsportalspringboot.controllers.AdminControllerTest" time="0.001"/>
  <testcase name="TestSaveCategory" classname="com.student.newsportalspringboot.controllers.AdminControllerTest" time="0.001"/>
  <testcase name="TestGetCategory" classname="com.student.newsportalspringboot.controllers.AdminControllerTest" time="0.001"/>
  <testcase name="TestBlockedPerson" classname="com.student.newsportalspringboot.controllers.AdminControllerTest" time="0.001"/>
  <testcase name="TestGetAllPostByCategory" classname="com.student.newsportalspringboot.controllers.AdminControllerTest" time="0.001"/>
  <testcase name="TestSaveAdminEnterCorrectEmailAndGetRedirect" classname="com.student.newsportalspringboot.controllers.AdminControllerTest" time="0.002"/>
  <testcase name="TestUnblockedPerson" classname="com.student.newsportalspringboot.controllers.AdminControllerTest" time="0.002"/>
  <testcase name="TestAdmin" classname="com.student.newsportalspringboot.controllers.AdminControllerTest" time="0.001"/>
  <testcase name="TestDeteleCategory" classname="com.student.newsportalspringboot.controllers.AdminControllerTest" time="0.001"/>
  <testcase name="TestDeleteAdmin" classname="com.student.newsportalspringboot.controllers.AdminControllerTest" time="0.001"/>
</testsuite>